[debug] [2021-01-19T20:11:15.677Z] ----------------------------------------------------------------------
[debug] [2021-01-19T20:11:15.679Z] Command:       C:\Dev\nodejs\node.exe C:\Users\eenav\AppData\Roaming\npm\node_modules\firebase-tools\lib\bin\firebase.js emulators:start --only functions
[debug] [2021-01-19T20:11:15.680Z] CLI Version:   9.2.1
[debug] [2021-01-19T20:11:15.680Z] Platform:      win32
[debug] [2021-01-19T20:11:15.680Z] Node Version:  v15.5.1
[debug] [2021-01-19T20:11:15.681Z] Time:          Tue Jan 19 2021 17:11:15 GMT-0300 (Chile Summer Time)
[debug] [2021-01-19T20:11:15.681Z] ----------------------------------------------------------------------
[debug] [2021-01-19T20:11:15.681Z] 
[debug] [2021-01-19T20:11:15.690Z] > command requires scopes: ["email","openid","https://www.googleapis.com/auth/cloudplatformprojects.readonly","https://www.googleapis.com/auth/firebase","https://www.googleapis.com/auth/cloud-platform"]
[debug] [2021-01-19T20:11:15.690Z] > authorizing via signed-in user
[info] i  emulators: Starting emulators: functions {"metadata":{"emulator":{"name":"hub"},"message":"Starting emulators: functions"}}
[debug] [2021-01-19T20:11:15.723Z] [hub] writing locator at C:\Users\eenav\AppData\Local\Temp\hub-website-svalinn-back-end.json
[warn] !  functions: The following emulators are not running, calls to these services from the Functions emulator will affect production: auth, firestore, database, hosting, pubsub {"metadata":{"emulator":{"name":"functions"},"message":"The following emulators are not running, calls to these services from the Functions emulator will affect production: \u001b[1mauth, firestore, database, hosting, pubsub\u001b[22m"}}
[warn] !  Your requested "node" version "12" doesn't match your global version "15" {"metadata":{"emulator":{"name":"functions"},"message":"Your requested \"node\" version \"12\" doesn't match your global version \"15\""}}
[debug] [2021-01-19T20:11:15.785Z] defaultcredentials: writing to file C:\Users\eenav\AppData\Roaming\firebase\eenavarrogonzalez_gmail_com_application_default_credentials.json
[debug] [2021-01-19T20:11:15.792Z] Setting GAC to C:\Users\eenav\AppData\Roaming\firebase\eenavarrogonzalez_gmail_com_application_default_credentials.json {"metadata":{"emulator":{"name":"functions"},"message":"Setting GAC to C:\\Users\\eenav\\AppData\\Roaming\\firebase\\eenavarrogonzalez_gmail_com_application_default_credentials.json"}}
[debug] [2021-01-19T20:11:15.795Z] >>> [apiv2][query] GET https://firebase.googleapis.com/v1beta1/projects/website-svalinn-back-end/adminSdkConfig [none]
[debug] [2021-01-19T20:11:16.820Z] <<< [apiv2][status] GET https://firebase.googleapis.com/v1beta1/projects/website-svalinn-back-end/adminSdkConfig 200
[debug] [2021-01-19T20:11:16.820Z] <<< [apiv2][body] GET https://firebase.googleapis.com/v1beta1/projects/website-svalinn-back-end/adminSdkConfig {"projectId":"website-svalinn-back-end","storageBucket":"website-svalinn-back-end.appspot.com"}
[debug] [2021-01-19T20:11:16.845Z] Ignoring unsupported arg: auto_download {"metadata":{"emulator":{"name":"ui"},"message":"Ignoring unsupported arg: auto_download"}}
[debug] [2021-01-19T20:11:16.846Z] Ignoring unsupported arg: port {"metadata":{"emulator":{"name":"ui"},"message":"Ignoring unsupported arg: port"}}
[debug] [2021-01-19T20:11:16.846Z] Starting Emulator UI with command {"binary":"node","args":["C:\\Users\\eenav\\.cache\\firebase\\emulators\\ui-v1.4.1\\server.bundle.js"],"optionalArgs":[],"joinArgs":false} {"metadata":{"emulator":{"name":"ui"},"message":"Starting Emulator UI with command {\"binary\":\"node\",\"args\":[\"C:\\\\Users\\\\eenav\\\\.cache\\\\firebase\\\\emulators\\\\ui-v1.4.1\\\\server.bundle.js\"],\"optionalArgs\":[],\"joinArgs\":false}"}}
[info] i  ui: Emulator UI logging to ui-debug.log {"metadata":{"emulator":{"name":"ui"},"message":"Emulator UI logging to \u001b[1mui-debug.log\u001b[22m"}}
[debug] [2021-01-19T20:11:17.029Z] Web / API server started at http://localhost:4000
 {"metadata":{"emulator":{"name":"ui"},"message":"Web / API server started at http://localhost:4000\n"}}
[info] i  functions: Watching "C:\Dev\repos\personal\svalinn-dev-backend\functions" for Cloud Functions... {"metadata":{"emulator":{"name":"functions"},"message":"Watching \"C:\\Dev\\repos\\personal\\svalinn-dev-backend\\functions\" for Cloud Functions..."}}
[debug] [2021-01-19T20:11:17.137Z] [worker-pool] addWorker(~diagnostic~) {"metadata":{"emulator":{"name":"functions"},"message":"[worker-pool] addWorker(~diagnostic~)"}}
[debug] [2021-01-19T20:11:17.137Z] [worker-pool] Adding worker with key ~diagnostic~, total=1 {"metadata":{"emulator":{"name":"functions"},"message":"[worker-pool] Adding worker with key ~diagnostic~, total=1"}}
[debug] [2021-01-19T20:11:17.138Z] [worker-pool] submitWork(triggerId=) {"metadata":{"emulator":{"name":"functions"},"message":"[worker-pool] submitWork(triggerId=)"}}
[debug] [2021-01-19T20:11:17.139Z] [worker-~diagnostic~-d39f9b65-6db4-439b-975c-2e08c1edc3b7]: Assigning socketPath: \\?\pipe\C:\Dev\repos\personal\svalinn-dev-backend\functions\9992 {"metadata":{"emulator":{"name":"functions"},"message":"[worker-~diagnostic~-d39f9b65-6db4-439b-975c-2e08c1edc3b7]: Assigning socketPath: \\\\?\\pipe\\C:\\Dev\\repos\\personal\\svalinn-dev-backend\\functions\\9992"}}
[debug] [2021-01-19T20:11:17.140Z] [worker-~diagnostic~-d39f9b65-6db4-439b-975c-2e08c1edc3b7]: BUSY {"metadata":{"emulator":{"name":"functions"},"message":"[worker-~diagnostic~-d39f9b65-6db4-439b-975c-2e08c1edc3b7]: BUSY"}}
[debug] [2021-01-19T20:11:17.430Z] [runtime-status] [9992] Functions runtime initialized. {"cwd":"C:\\Dev\\repos\\personal\\svalinn-dev-backend\\functions","node_version":"15.5.1"} {"metadata":{"emulator":{"name":"functions"},"message":"[runtime-status] [9992] Functions runtime initialized. {\"cwd\":\"C:\\\\Dev\\\\repos\\\\personal\\\\svalinn-dev-backend\\\\functions\",\"node_version\":\"15.5.1\"}"}}
[debug] [2021-01-19T20:11:17.431Z] [runtime-status] [9992] Disabled runtime features: undefined {"metadata":{"emulator":{"name":"functions"},"message":"[runtime-status] [9992] Disabled runtime features: undefined"}}
[debug] [2021-01-19T20:11:17.435Z] [runtime-status] [9992] Resolved module firebase-admin {"declared":true,"installed":true,"version":"9.4.2","resolution":"C:\\Dev\\repos\\personal\\svalinn-dev-backend\\functions\\node_modules\\firebase-admin\\lib\\index.js"} {"metadata":{"emulator":{"name":"functions"},"message":"[runtime-status] [9992] Resolved module firebase-admin {\"declared\":true,\"installed\":true,\"version\":\"9.4.2\",\"resolution\":\"C:\\\\Dev\\\\repos\\\\personal\\\\svalinn-dev-backend\\\\functions\\\\node_modules\\\\firebase-admin\\\\lib\\\\index.js\"}"}}
[debug] [2021-01-19T20:11:17.438Z] [runtime-status] [9992] Resolved module firebase-functions {"declared":true,"installed":true,"version":"3.13.1","resolution":"C:\\Dev\\repos\\personal\\svalinn-dev-backend\\functions\\node_modules\\firebase-functions\\lib\\index.js"} {"metadata":{"emulator":{"name":"functions"},"message":"[runtime-status] [9992] Resolved module firebase-functions {\"declared\":true,\"installed\":true,\"version\":\"3.13.1\",\"resolution\":\"C:\\\\Dev\\\\repos\\\\personal\\\\svalinn-dev-backend\\\\functions\\\\node_modules\\\\firebase-functions\\\\lib\\\\index.js\"}"}}
[debug] [2021-01-19T20:11:17.440Z] [runtime-status] [9992] Found local functions config: C:\Dev\repos\personal\svalinn-dev-backend\functions/.runtimeconfig.json {"metadata":{"emulator":{"name":"functions"},"message":"[runtime-status] [9992] Found local functions config: C:\\Dev\\repos\\personal\\svalinn-dev-backend\\functions/.runtimeconfig.json"}}
[debug] [2021-01-19T20:11:17.440Z] [runtime-status] [9992] Resolved module firebase-functions {"declared":true,"installed":true,"version":"3.13.1","resolution":"C:\\Dev\\repos\\personal\\svalinn-dev-backend\\functions\\node_modules\\firebase-functions\\lib\\index.js"} {"metadata":{"emulator":{"name":"functions"},"message":"[runtime-status] [9992] Resolved module firebase-functions {\"declared\":true,\"installed\":true,\"version\":\"3.13.1\",\"resolution\":\"C:\\\\Dev\\\\repos\\\\personal\\\\svalinn-dev-backend\\\\functions\\\\node_modules\\\\firebase-functions\\\\lib\\\\index.js\"}"}}
[debug] [2021-01-19T20:11:17.442Z] [runtime-status] [9992] Outgoing network have been stubbed. [{"name":"http","status":"mocked"},{"name":"http","status":"mocked"},{"name":"https","status":"mocked"},{"name":"https","status":"mocked"},{"name":"net","status":"mocked"}] {"metadata":{"emulator":{"name":"functions"},"message":"[runtime-status] [9992] Outgoing network have been stubbed. [{\"name\":\"http\",\"status\":\"mocked\"},{\"name\":\"http\",\"status\":\"mocked\"},{\"name\":\"https\",\"status\":\"mocked\"},{\"name\":\"https\",\"status\":\"mocked\"},{\"name\":\"net\",\"status\":\"mocked\"}]"}}
[debug] [2021-01-19T20:11:17.443Z] [runtime-status] [9992] Resolved module firebase-functions {"declared":true,"installed":true,"version":"3.13.1","resolution":"C:\\Dev\\repos\\personal\\svalinn-dev-backend\\functions\\node_modules\\firebase-functions\\lib\\index.js"} {"metadata":{"emulator":{"name":"functions"},"message":"[runtime-status] [9992] Resolved module firebase-functions {\"declared\":true,\"installed\":true,\"version\":\"3.13.1\",\"resolution\":\"C:\\\\Dev\\\\repos\\\\personal\\\\svalinn-dev-backend\\\\functions\\\\node_modules\\\\firebase-functions\\\\lib\\\\index.js\"}"}}
[debug] [2021-01-19T20:11:17.529Z] [runtime-status] [9992] Checked functions.config() {"config":{"remitente":{"correo":"svalinn.dev@gmail.com","contrasena":"mBO^fNM&ynR*TJ&0"},"destinatario":{"correo":"eenavarrogonzalez@gmail.com"}}} {"metadata":{"emulator":{"name":"functions"},"message":"[runtime-status] [9992] Checked functions.config() {\"config\":{\"remitente\":{\"correo\":\"svalinn.dev@gmail.com\",\"contrasena\":\"mBO^fNM&ynR*TJ&0\"},\"destinatario\":{\"correo\":\"eenavarrogonzalez@gmail.com\"}}}"}}
[debug] [2021-01-19T20:11:17.530Z] [runtime-status] [9992] firebase-functions has been stubbed. {"functionsResolution":{"declared":true,"installed":true,"version":"3.13.1","resolution":"C:\\Dev\\repos\\personal\\svalinn-dev-backend\\functions\\node_modules\\firebase-functions\\lib\\index.js"}} {"metadata":{"emulator":{"name":"functions"},"message":"[runtime-status] [9992] firebase-functions has been stubbed. {\"functionsResolution\":{\"declared\":true,\"installed\":true,\"version\":\"3.13.1\",\"resolution\":\"C:\\\\Dev\\\\repos\\\\personal\\\\svalinn-dev-backend\\\\functions\\\\node_modules\\\\firebase-functions\\\\lib\\\\index.js\"}}"}}
[debug] [2021-01-19T20:11:17.530Z] [runtime-status] [9992] Resolved module firebase-functions {"declared":true,"installed":true,"version":"3.13.1","resolution":"C:\\Dev\\repos\\personal\\svalinn-dev-backend\\functions\\node_modules\\firebase-functions\\lib\\index.js"} {"metadata":{"emulator":{"name":"functions"},"message":"[runtime-status] [9992] Resolved module firebase-functions {\"declared\":true,\"installed\":true,\"version\":\"3.13.1\",\"resolution\":\"C:\\\\Dev\\\\repos\\\\personal\\\\svalinn-dev-backend\\\\functions\\\\node_modules\\\\firebase-functions\\\\lib\\\\index.js\"}"}}
[debug] [2021-01-19T20:11:17.532Z] [runtime-status] [9992] Resolved module firebase-admin {"declared":true,"installed":true,"version":"9.4.2","resolution":"C:\\Dev\\repos\\personal\\svalinn-dev-backend\\functions\\node_modules\\firebase-admin\\lib\\index.js"} {"metadata":{"emulator":{"name":"functions"},"message":"[runtime-status] [9992] Resolved module firebase-admin {\"declared\":true,\"installed\":true,\"version\":\"9.4.2\",\"resolution\":\"C:\\\\Dev\\\\repos\\\\personal\\\\svalinn-dev-backend\\\\functions\\\\node_modules\\\\firebase-admin\\\\lib\\\\index.js\"}"}}
[debug] [2021-01-19T20:11:17.533Z] [runtime-status] [9992] Resolved module firebase-functions {"declared":true,"installed":true,"version":"3.13.1","resolution":"C:\\Dev\\repos\\personal\\svalinn-dev-backend\\functions\\node_modules\\firebase-functions\\lib\\index.js"} {"metadata":{"emulator":{"name":"functions"},"message":"[runtime-status] [9992] Resolved module firebase-functions {\"declared\":true,\"installed\":true,\"version\":\"3.13.1\",\"resolution\":\"C:\\\\Dev\\\\repos\\\\personal\\\\svalinn-dev-backend\\\\functions\\\\node_modules\\\\firebase-functions\\\\lib\\\\index.js\"}"}}
[debug] [2021-01-19T20:11:17.533Z] [runtime-status] [9992] firebase-admin has been stubbed. {"adminResolution":{"declared":true,"installed":true,"version":"9.4.2","resolution":"C:\\Dev\\repos\\personal\\svalinn-dev-backend\\functions\\node_modules\\firebase-admin\\lib\\index.js"}} {"metadata":{"emulator":{"name":"functions"},"message":"[runtime-status] [9992] firebase-admin has been stubbed. {\"adminResolution\":{\"declared\":true,\"installed\":true,\"version\":\"9.4.2\",\"resolution\":\"C:\\\\Dev\\\\repos\\\\personal\\\\svalinn-dev-backend\\\\functions\\\\node_modules\\\\firebase-admin\\\\lib\\\\index.js\"}}"}}
[info] +  functions[correoContacto]: http function initialized (http://localhost:5001/website-svalinn-back-end/us-central1/correoContacto). {"metadata":{"emulator":{"name":"functions"},"message":"\u001b[1mhttp\u001b[22m function initialized (http://localhost:5001/website-svalinn-back-end/us-central1/correoContacto)."}}
[info] 
┌─────────────────────────────────────────────────────────────┐
│ ✔  All emulators ready! It is now safe to connect your app. │
│ i  View Emulator UI at http://localhost:4000                │
└─────────────────────────────────────────────────────────────┘

┌───────────┬────────────────┬─────────────────────────────────┐
│ Emulator  │ Host:Port      │ View in Emulator UI             │
├───────────┼────────────────┼─────────────────────────────────┤
│ Functions │ localhost:5001 │ http://localhost:4000/functions │
└───────────┴────────────────┴─────────────────────────────────┘
  Emulator Hub running at localhost:4400
  Other reserved ports: 4500

Issues? Report them at https://github.com/firebase/firebase-tools/issues and attach the *-debug.log files.
 
[debug] [2021-01-19T20:11:17.620Z] [worker-~diagnostic~-d39f9b65-6db4-439b-975c-2e08c1edc3b7]: IDLE {"metadata":{"emulator":{"name":"functions"},"message":"[worker-~diagnostic~-d39f9b65-6db4-439b-975c-2e08c1edc3b7]: IDLE"}}
[debug] [2021-01-19T20:11:37.020Z] [work-queue] {"queueLength":1,"workRunningCount":0}
[debug] [2021-01-19T20:11:37.021Z] [work-queue] {"queueLength":0,"workRunningCount":1}
[debug] [2021-01-19T20:11:37.021Z] Accepted request POST /website-svalinn-back-end/us-central1/correoContacto --> correoContacto
[debug] [2021-01-19T20:11:37.033Z] [worker-pool] addWorker(correoContacto) {"metadata":{"emulator":{"name":"functions"},"message":"[worker-pool] addWorker(correoContacto)"}}
[debug] [2021-01-19T20:11:37.034Z] [worker-pool] Adding worker with key correoContacto, total=1 {"metadata":{"emulator":{"name":"functions"},"message":"[worker-pool] Adding worker with key correoContacto, total=1"}}
[debug] [2021-01-19T20:11:37.034Z] [worker-pool] submitWork(triggerId=correoContacto) {"metadata":{"emulator":{"name":"functions"},"message":"[worker-pool] submitWork(triggerId=correoContacto)"}}
[debug] [2021-01-19T20:11:37.034Z] [worker-correoContacto-f9bf38a6-332e-4a79-8088-6721b4510bc0]: Assigning socketPath: \\?\pipe\C:\Dev\repos\personal\svalinn-dev-backend\functions\16792 {"metadata":{"emulator":{"name":"functions"},"message":"[worker-correoContacto-f9bf38a6-332e-4a79-8088-6721b4510bc0]: Assigning socketPath: \\\\?\\pipe\\C:\\Dev\\repos\\personal\\svalinn-dev-backend\\functions\\16792"}}
[debug] [2021-01-19T20:11:37.034Z] [worker-correoContacto-f9bf38a6-332e-4a79-8088-6721b4510bc0]: BUSY {"metadata":{"emulator":{"name":"functions"},"message":"[worker-correoContacto-f9bf38a6-332e-4a79-8088-6721b4510bc0]: BUSY"}}
[debug] [2021-01-19T20:11:37.310Z] [runtime-status] [16792] Functions runtime initialized. {"cwd":"C:\\Dev\\repos\\personal\\svalinn-dev-backend\\functions","node_version":"15.5.1"} {"metadata":{"emulator":{"name":"functions"},"function":{"name":"correoContacto"},"message":"[runtime-status] [16792] Functions runtime initialized. {\"cwd\":\"C:\\\\Dev\\\\repos\\\\personal\\\\svalinn-dev-backend\\\\functions\",\"node_version\":\"15.5.1\"}"}}
[debug] [2021-01-19T20:11:37.313Z] [runtime-status] [16792] Disabled runtime features: undefined {"metadata":{"emulator":{"name":"functions"},"function":{"name":"correoContacto"},"message":"[runtime-status] [16792] Disabled runtime features: undefined"}}
[debug] [2021-01-19T20:11:37.319Z] [runtime-status] [16792] Resolved module firebase-admin {"declared":true,"installed":true,"version":"9.4.2","resolution":"C:\\Dev\\repos\\personal\\svalinn-dev-backend\\functions\\node_modules\\firebase-admin\\lib\\index.js"} {"metadata":{"emulator":{"name":"functions"},"function":{"name":"correoContacto"},"message":"[runtime-status] [16792] Resolved module firebase-admin {\"declared\":true,\"installed\":true,\"version\":\"9.4.2\",\"resolution\":\"C:\\\\Dev\\\\repos\\\\personal\\\\svalinn-dev-backend\\\\functions\\\\node_modules\\\\firebase-admin\\\\lib\\\\index.js\"}"}}
[debug] [2021-01-19T20:11:37.322Z] [runtime-status] [16792] Resolved module firebase-functions {"declared":true,"installed":true,"version":"3.13.1","resolution":"C:\\Dev\\repos\\personal\\svalinn-dev-backend\\functions\\node_modules\\firebase-functions\\lib\\index.js"} {"metadata":{"emulator":{"name":"functions"},"function":{"name":"correoContacto"},"message":"[runtime-status] [16792] Resolved module firebase-functions {\"declared\":true,\"installed\":true,\"version\":\"3.13.1\",\"resolution\":\"C:\\\\Dev\\\\repos\\\\personal\\\\svalinn-dev-backend\\\\functions\\\\node_modules\\\\firebase-functions\\\\lib\\\\index.js\"}"}}
[debug] [2021-01-19T20:11:37.324Z] [runtime-status] [16792] Found local functions config: C:\Dev\repos\personal\svalinn-dev-backend\functions/.runtimeconfig.json {"metadata":{"emulator":{"name":"functions"},"function":{"name":"correoContacto"},"message":"[runtime-status] [16792] Found local functions config: C:\\Dev\\repos\\personal\\svalinn-dev-backend\\functions/.runtimeconfig.json"}}
[debug] [2021-01-19T20:11:37.325Z] [runtime-status] [16792] Resolved module firebase-functions {"declared":true,"installed":true,"version":"3.13.1","resolution":"C:\\Dev\\repos\\personal\\svalinn-dev-backend\\functions\\node_modules\\firebase-functions\\lib\\index.js"} {"metadata":{"emulator":{"name":"functions"},"function":{"name":"correoContacto"},"message":"[runtime-status] [16792] Resolved module firebase-functions {\"declared\":true,\"installed\":true,\"version\":\"3.13.1\",\"resolution\":\"C:\\\\Dev\\\\repos\\\\personal\\\\svalinn-dev-backend\\\\functions\\\\node_modules\\\\firebase-functions\\\\lib\\\\index.js\"}"}}
[debug] [2021-01-19T20:11:37.327Z] [runtime-status] [16792] Outgoing network have been stubbed. [{"name":"http","status":"mocked"},{"name":"http","status":"mocked"},{"name":"https","status":"mocked"},{"name":"https","status":"mocked"},{"name":"net","status":"mocked"}] {"metadata":{"emulator":{"name":"functions"},"function":{"name":"correoContacto"},"message":"[runtime-status] [16792] Outgoing network have been stubbed. [{\"name\":\"http\",\"status\":\"mocked\"},{\"name\":\"http\",\"status\":\"mocked\"},{\"name\":\"https\",\"status\":\"mocked\"},{\"name\":\"https\",\"status\":\"mocked\"},{\"name\":\"net\",\"status\":\"mocked\"}]"}}
[debug] [2021-01-19T20:11:37.329Z] [runtime-status] [16792] Resolved module firebase-functions {"declared":true,"installed":true,"version":"3.13.1","resolution":"C:\\Dev\\repos\\personal\\svalinn-dev-backend\\functions\\node_modules\\firebase-functions\\lib\\index.js"} {"metadata":{"emulator":{"name":"functions"},"function":{"name":"correoContacto"},"message":"[runtime-status] [16792] Resolved module firebase-functions {\"declared\":true,\"installed\":true,\"version\":\"3.13.1\",\"resolution\":\"C:\\\\Dev\\\\repos\\\\personal\\\\svalinn-dev-backend\\\\functions\\\\node_modules\\\\firebase-functions\\\\lib\\\\index.js\"}"}}
[debug] [2021-01-19T20:11:37.402Z] [runtime-status] [16792] Checked functions.config() {"config":{"remitente":{"correo":"svalinn.dev@gmail.com","contrasena":"mBO^fNM&ynR*TJ&0"},"destinatario":{"correo":"eenavarrogonzalez@gmail.com"}}} {"metadata":{"emulator":{"name":"functions"},"function":{"name":"correoContacto"},"message":"[runtime-status] [16792] Checked functions.config() {\"config\":{\"remitente\":{\"correo\":\"svalinn.dev@gmail.com\",\"contrasena\":\"mBO^fNM&ynR*TJ&0\"},\"destinatario\":{\"correo\":\"eenavarrogonzalez@gmail.com\"}}}"}}
[debug] [2021-01-19T20:11:37.402Z] [runtime-status] [16792] firebase-functions has been stubbed. {"functionsResolution":{"declared":true,"installed":true,"version":"3.13.1","resolution":"C:\\Dev\\repos\\personal\\svalinn-dev-backend\\functions\\node_modules\\firebase-functions\\lib\\index.js"}} {"metadata":{"emulator":{"name":"functions"},"function":{"name":"correoContacto"},"message":"[runtime-status] [16792] firebase-functions has been stubbed. {\"functionsResolution\":{\"declared\":true,\"installed\":true,\"version\":\"3.13.1\",\"resolution\":\"C:\\\\Dev\\\\repos\\\\personal\\\\svalinn-dev-backend\\\\functions\\\\node_modules\\\\firebase-functions\\\\lib\\\\index.js\"}}"}}
[debug] [2021-01-19T20:11:37.403Z] [runtime-status] [16792] Resolved module firebase-functions {"declared":true,"installed":true,"version":"3.13.1","resolution":"C:\\Dev\\repos\\personal\\svalinn-dev-backend\\functions\\node_modules\\firebase-functions\\lib\\index.js"} {"metadata":{"emulator":{"name":"functions"},"function":{"name":"correoContacto"},"message":"[runtime-status] [16792] Resolved module firebase-functions {\"declared\":true,\"installed\":true,\"version\":\"3.13.1\",\"resolution\":\"C:\\\\Dev\\\\repos\\\\personal\\\\svalinn-dev-backend\\\\functions\\\\node_modules\\\\firebase-functions\\\\lib\\\\index.js\"}"}}
[debug] [2021-01-19T20:11:37.404Z] [runtime-status] [16792] Resolved module firebase-admin {"declared":true,"installed":true,"version":"9.4.2","resolution":"C:\\Dev\\repos\\personal\\svalinn-dev-backend\\functions\\node_modules\\firebase-admin\\lib\\index.js"} {"metadata":{"emulator":{"name":"functions"},"function":{"name":"correoContacto"},"message":"[runtime-status] [16792] Resolved module firebase-admin {\"declared\":true,\"installed\":true,\"version\":\"9.4.2\",\"resolution\":\"C:\\\\Dev\\\\repos\\\\personal\\\\svalinn-dev-backend\\\\functions\\\\node_modules\\\\firebase-admin\\\\lib\\\\index.js\"}"}}
[debug] [2021-01-19T20:11:37.405Z] [runtime-status] [16792] Resolved module firebase-functions {"declared":true,"installed":true,"version":"3.13.1","resolution":"C:\\Dev\\repos\\personal\\svalinn-dev-backend\\functions\\node_modules\\firebase-functions\\lib\\index.js"} {"metadata":{"emulator":{"name":"functions"},"function":{"name":"correoContacto"},"message":"[runtime-status] [16792] Resolved module firebase-functions {\"declared\":true,\"installed\":true,\"version\":\"3.13.1\",\"resolution\":\"C:\\\\Dev\\\\repos\\\\personal\\\\svalinn-dev-backend\\\\functions\\\\node_modules\\\\firebase-functions\\\\lib\\\\index.js\"}"}}
[debug] [2021-01-19T20:11:37.405Z] [runtime-status] [16792] firebase-admin has been stubbed. {"adminResolution":{"declared":true,"installed":true,"version":"9.4.2","resolution":"C:\\Dev\\repos\\personal\\svalinn-dev-backend\\functions\\node_modules\\firebase-admin\\lib\\index.js"}} {"metadata":{"emulator":{"name":"functions"},"function":{"name":"correoContacto"},"message":"[runtime-status] [16792] firebase-admin has been stubbed. {\"adminResolution\":{\"declared\":true,\"installed\":true,\"version\":\"9.4.2\",\"resolution\":\"C:\\\\Dev\\\\repos\\\\personal\\\\svalinn-dev-backend\\\\functions\\\\node_modules\\\\firebase-admin\\\\lib\\\\index.js\"}}"}}
[debug] [2021-01-19T20:11:37.493Z] [runtime-status] [16792] Trigger "correoContacto" has been found, beginning invocation! {"metadata":{"emulator":{"name":"functions"},"function":{"name":"correoContacto"},"message":"[runtime-status] [16792] Trigger \"correoContacto\" has been found, beginning invocation!"}}
[info] i  functions: Beginning execution of "correoContacto" {"metadata":{"emulator":{"name":"functions"},"function":{"name":"correoContacto"},"message":"Beginning execution of \"correoContacto\""}}
[debug] [2021-01-19T20:11:37.496Z] [runtime-status] [16792] triggerDefinition {"httpsTrigger":{},"name":"correoContacto","entryPoint":"correoContacto"} {"metadata":{"emulator":{"name":"functions"},"function":{"name":"correoContacto"},"message":"[runtime-status] [16792] triggerDefinition {\"httpsTrigger\":{},\"name\":\"correoContacto\",\"entryPoint\":\"correoContacto\"}"}}
[debug] [2021-01-19T20:11:37.497Z] [runtime-status] [16792] Running correoContacto in mode HTTPS {"metadata":{"emulator":{"name":"functions"},"function":{"name":"correoContacto"},"message":"[runtime-status] [16792] Running correoContacto in mode HTTPS"}}
[debug] [2021-01-19T20:11:37.502Z] [runtime-status] [16792] Attempting to listen to socketPath: \\?\pipe\C:\Dev\repos\personal\svalinn-dev-backend\functions\16792 {"metadata":{"emulator":{"name":"functions"},"function":{"name":"correoContacto"},"message":"[runtime-status] [16792] Attempting to listen to socketPath: \\\\?\\pipe\\C:\\Dev\\repos\\personal\\svalinn-dev-backend\\functions\\16792"}}
[debug] [2021-01-19T20:11:37.506Z] [functions] Runtime ready! Sending request! {"metadata":{"emulator":{"name":"functions"},"message":"[functions] Runtime ready! Sending request!"}}
[debug] [2021-01-19T20:11:37.507Z] [functions] Got req.url=/website-svalinn-back-end/us-central1/correoContacto, mapping to path=/ {"metadata":{"emulator":{"name":"functions"},"message":"[functions] Got req.url=/website-svalinn-back-end/us-central1/correoContacto, mapping to path=/"}}
[debug] [2021-01-19T20:11:37.541Z] [runtime-status] [16792] Ephemeral server handling POST request {"metadata":{"emulator":{"name":"functions"},"function":{"name":"correoContacto"},"message":"[runtime-status] [16792] Ephemeral server handling POST request"}}
[info] >  application/json {"user":"application/json","metadata":{"emulator":{"name":"functions"},"function":{"name":"correoContacto"},"message":"\u001b[90m> \u001b[39m application/json"}}
[info] >  POST {"user":"POST","metadata":{"emulator":{"name":"functions"},"function":{"name":"correoContacto"},"message":"\u001b[90m> \u001b[39m POST"}}
[debug] [2021-01-19T20:11:37.557Z] [runtime-status] [16792] Ephemeral server survived. {"metadata":{"emulator":{"name":"functions"},"function":{"name":"correoContacto"},"message":"[runtime-status] [16792] Ephemeral server survived."}}
[info] >  Error: Invalid login: 535-5.7.8 Username and Password not accepted. Learn more at {"user":"Error: Invalid login: 535-5.7.8 Username and Password not accepted. Learn more at","metadata":{"emulator":{"name":"functions"},"function":{"name":"correoContacto"},"message":"\u001b[90m> \u001b[39m Error: Invalid login: 535-5.7.8 Username and Password not accepted. Learn more at"}}
[info] >  535 5.7.8  https://support.google.com/mail/?p=BadCredentials e5sm3455801qtp.86 - gsmtp {"user":"535 5.7.8  https://support.google.com/mail/?p=BadCredentials e5sm3455801qtp.86 - gsmtp","metadata":{"emulator":{"name":"functions"},"function":{"name":"correoContacto"},"message":"\u001b[90m> \u001b[39m 535 5.7.8  https://support.google.com/mail/?p=BadCredentials e5sm3455801qtp.86 - gsmtp"}}
[info] >      at SMTPConnection._formatError (C:\Dev\repos\personal\svalinn-dev-backend\functions\node_modules\nodemailer\lib\smtp-connection\index.js:774:19) {"user":"    at SMTPConnection._formatError (C:\\Dev\\repos\\personal\\svalinn-dev-backend\\functions\\node_modules\\nodemailer\\lib\\smtp-connection\\index.js:774:19)","metadata":{"emulator":{"name":"functions"},"function":{"name":"correoContacto"},"message":"\u001b[90m> \u001b[39m     at SMTPConnection._formatError (C:\\Dev\\repos\\personal\\svalinn-dev-backend\\functions\\node_modules\\nodemailer\\lib\\smtp-connection\\index.js:774:19)"}}
[info] >      at SMTPConnection._actionAUTHComplete (C:\Dev\repos\personal\svalinn-dev-backend\functions\node_modules\nodemailer\lib\smtp-connection\index.js:1513:34) {"user":"    at SMTPConnection._actionAUTHComplete (C:\\Dev\\repos\\personal\\svalinn-dev-backend\\functions\\node_modules\\nodemailer\\lib\\smtp-connection\\index.js:1513:34)","metadata":{"emulator":{"name":"functions"},"function":{"name":"correoContacto"},"message":"\u001b[90m> \u001b[39m     at SMTPConnection._actionAUTHComplete (C:\\Dev\\repos\\personal\\svalinn-dev-backend\\functions\\node_modules\\nodemailer\\lib\\smtp-connection\\index.js:1513:34)"}}
[info] >      at SMTPConnection.<anonymous> (C:\Dev\repos\personal\svalinn-dev-backend\functions\node_modules\nodemailer\lib\smtp-connection\index.js:540:26) {"user":"    at SMTPConnection.<anonymous> (C:\\Dev\\repos\\personal\\svalinn-dev-backend\\functions\\node_modules\\nodemailer\\lib\\smtp-connection\\index.js:540:26)","metadata":{"emulator":{"name":"functions"},"function":{"name":"correoContacto"},"message":"\u001b[90m> \u001b[39m     at SMTPConnection.<anonymous> (C:\\Dev\\repos\\personal\\svalinn-dev-backend\\functions\\node_modules\\nodemailer\\lib\\smtp-connection\\index.js:540:26)"}}
[info] >      at SMTPConnection._processResponse (C:\Dev\repos\personal\svalinn-dev-backend\functions\node_modules\nodemailer\lib\smtp-connection\index.js:932:20) {"user":"    at SMTPConnection._processResponse (C:\\Dev\\repos\\personal\\svalinn-dev-backend\\functions\\node_modules\\nodemailer\\lib\\smtp-connection\\index.js:932:20)","metadata":{"emulator":{"name":"functions"},"function":{"name":"correoContacto"},"message":"\u001b[90m> \u001b[39m     at SMTPConnection._processResponse (C:\\Dev\\repos\\personal\\svalinn-dev-backend\\functions\\node_modules\\nodemailer\\lib\\smtp-connection\\index.js:932:20)"}}
[info] >      at SMTPConnection._onData (C:\Dev\repos\personal\svalinn-dev-backend\functions\node_modules\nodemailer\lib\smtp-connection\index.js:739:14) {"user":"    at SMTPConnection._onData (C:\\Dev\\repos\\personal\\svalinn-dev-backend\\functions\\node_modules\\nodemailer\\lib\\smtp-connection\\index.js:739:14)","metadata":{"emulator":{"name":"functions"},"function":{"name":"correoContacto"},"message":"\u001b[90m> \u001b[39m     at SMTPConnection._onData (C:\\Dev\\repos\\personal\\svalinn-dev-backend\\functions\\node_modules\\nodemailer\\lib\\smtp-connection\\index.js:739:14)"}}
[info] >      at TLSSocket.SMTPConnection._onSocketData (C:\Dev\repos\personal\svalinn-dev-backend\functions\node_modules\nodemailer\lib\smtp-connection\index.js:189:44) {"user":"    at TLSSocket.SMTPConnection._onSocketData (C:\\Dev\\repos\\personal\\svalinn-dev-backend\\functions\\node_modules\\nodemailer\\lib\\smtp-connection\\index.js:189:44)","metadata":{"emulator":{"name":"functions"},"function":{"name":"correoContacto"},"message":"\u001b[90m> \u001b[39m     at TLSSocket.SMTPConnection._onSocketData (C:\\Dev\\repos\\personal\\svalinn-dev-backend\\functions\\node_modules\\nodemailer\\lib\\smtp-connection\\index.js:189:44)"}}
[info] >      at TLSSocket.emit (node:events:376:20) {"user":"    at TLSSocket.emit (node:events:376:20)","metadata":{"emulator":{"name":"functions"},"function":{"name":"correoContacto"},"message":"\u001b[90m> \u001b[39m     at TLSSocket.emit (node:events:376:20)"}}
[info] >      at addChunk (node:internal/streams/readable:311:12) {"user":"    at addChunk (node:internal/streams/readable:311:12)","metadata":{"emulator":{"name":"functions"},"function":{"name":"correoContacto"},"message":"\u001b[90m> \u001b[39m     at addChunk (node:internal/streams/readable:311:12)"}}
[info] >      at readableAddChunk (node:internal/streams/readable:286:9) {"user":"    at readableAddChunk (node:internal/streams/readable:286:9)","metadata":{"emulator":{"name":"functions"},"function":{"name":"correoContacto"},"message":"\u001b[90m> \u001b[39m     at readableAddChunk (node:internal/streams/readable:286:9)"}}
[info] >      at TLSSocket.Readable.push (node:internal/streams/readable:225:10) { {"user":"    at TLSSocket.Readable.push (node:internal/streams/readable:225:10) {","metadata":{"emulator":{"name":"functions"},"function":{"name":"correoContacto"},"message":"\u001b[90m> \u001b[39m     at TLSSocket.Readable.push (node:internal/streams/readable:225:10) {"}}
[info] >    code: 'EAUTH', {"user":"  code: 'EAUTH',","metadata":{"emulator":{"name":"functions"},"function":{"name":"correoContacto"},"message":"\u001b[90m> \u001b[39m   code: 'EAUTH',"}}
[info] >    response: '535-5.7.8 Username and Password not accepted. Learn more at\n' + {"user":"  response: '535-5.7.8 Username and Password not accepted. Learn more at\\n' +","metadata":{"emulator":{"name":"functions"},"function":{"name":"correoContacto"},"message":"\u001b[90m> \u001b[39m   response: '535-5.7.8 Username and Password not accepted. Learn more at\\n' +"}}
[info] >      '535 5.7.8  https://support.google.com/mail/?p=BadCredentials e5sm3455801qtp.86 - gsmtp', {"user":"    '535 5.7.8  https://support.google.com/mail/?p=BadCredentials e5sm3455801qtp.86 - gsmtp',","metadata":{"emulator":{"name":"functions"},"function":{"name":"correoContacto"},"message":"\u001b[90m> \u001b[39m     '535 5.7.8  https://support.google.com/mail/?p=BadCredentials e5sm3455801qtp.86 - gsmtp',"}}
[info] >    responseCode: 535, {"user":"  responseCode: 535,","metadata":{"emulator":{"name":"functions"},"function":{"name":"correoContacto"},"message":"\u001b[90m> \u001b[39m   responseCode: 535,"}}
[info] >    command: 'AUTH PLAIN' {"user":"  command: 'AUTH PLAIN'","metadata":{"emulator":{"name":"functions"},"function":{"name":"correoContacto"},"message":"\u001b[90m> \u001b[39m   command: 'AUTH PLAIN'"}}
[info] >  } {"user":"}","metadata":{"emulator":{"name":"functions"},"function":{"name":"correoContacto"},"message":"\u001b[90m> \u001b[39m }"}}
[info] i  functions: Finished "correoContacto" in ~1s {"metadata":{"emulator":{"name":"functions"},"function":{"name":"correoContacto"},"message":"Finished \"correoContacto\" in ~1s"}}
[debug] [2021-01-19T20:11:38.430Z] [worker-correoContacto-f9bf38a6-332e-4a79-8088-6721b4510bc0]: IDLE {"metadata":{"emulator":{"name":"functions"},"message":"[worker-correoContacto-f9bf38a6-332e-4a79-8088-6721b4510bc0]: IDLE"}}
[debug] [2021-01-19T20:11:38.431Z] [work-queue] {"queueLength":0,"workRunningCount":0}
[debug] [2021-01-19T20:15:59.505Z] [work-queue] {"queueLength":1,"workRunningCount":0}
[debug] [2021-01-19T20:15:59.505Z] [work-queue] {"queueLength":0,"workRunningCount":1}
[debug] [2021-01-19T20:15:59.505Z] Accepted request POST /website-svalinn-back-end/us-central1/correoContacto --> correoContacto
[debug] [2021-01-19T20:15:59.505Z] [worker-pool] submitWork(triggerId=correoContacto) {"metadata":{"emulator":{"name":"functions"},"message":"[worker-pool] submitWork(triggerId=correoContacto)"}}
[debug] [2021-01-19T20:15:59.506Z] [worker-correoContacto-f9bf38a6-332e-4a79-8088-6721b4510bc0]: Assigning socketPath: \\?\pipe\C:\Dev\repos\personal\svalinn-dev-backend\functions\16792 {"metadata":{"emulator":{"name":"functions"},"message":"[worker-correoContacto-f9bf38a6-332e-4a79-8088-6721b4510bc0]: Assigning socketPath: \\\\?\\pipe\\C:\\Dev\\repos\\personal\\svalinn-dev-backend\\functions\\16792"}}
[debug] [2021-01-19T20:15:59.506Z] [worker-correoContacto-f9bf38a6-332e-4a79-8088-6721b4510bc0]: BUSY {"metadata":{"emulator":{"name":"functions"},"message":"[worker-correoContacto-f9bf38a6-332e-4a79-8088-6721b4510bc0]: BUSY"}}
[debug] [2021-01-19T20:15:59.507Z] [runtime-status] [16792] Trigger "correoContacto" has been found, beginning invocation! {"metadata":{"emulator":{"name":"functions"},"function":{"name":"correoContacto"},"message":"[runtime-status] [16792] Trigger \"correoContacto\" has been found, beginning invocation!"}}
[info] i  functions: Beginning execution of "correoContacto" {"metadata":{"emulator":{"name":"functions"},"function":{"name":"correoContacto"},"message":"Beginning execution of \"correoContacto\""}}
[debug] [2021-01-19T20:15:59.509Z] [runtime-status] [16792] triggerDefinition {"httpsTrigger":{},"name":"correoContacto","entryPoint":"correoContacto"} {"metadata":{"emulator":{"name":"functions"},"function":{"name":"correoContacto"},"message":"[runtime-status] [16792] triggerDefinition {\"httpsTrigger\":{},\"name\":\"correoContacto\",\"entryPoint\":\"correoContacto\"}"}}
[debug] [2021-01-19T20:15:59.509Z] [runtime-status] [16792] Running correoContacto in mode HTTPS {"metadata":{"emulator":{"name":"functions"},"function":{"name":"correoContacto"},"message":"[runtime-status] [16792] Running correoContacto in mode HTTPS"}}
[debug] [2021-01-19T20:15:59.510Z] [runtime-status] [16792] Attempting to listen to socketPath: \\?\pipe\C:\Dev\repos\personal\svalinn-dev-backend\functions\16792 {"metadata":{"emulator":{"name":"functions"},"function":{"name":"correoContacto"},"message":"[runtime-status] [16792] Attempting to listen to socketPath: \\\\?\\pipe\\C:\\Dev\\repos\\personal\\svalinn-dev-backend\\functions\\16792"}}
[debug] [2021-01-19T20:15:59.512Z] [functions] Runtime ready! Sending request! {"metadata":{"emulator":{"name":"functions"},"message":"[functions] Runtime ready! Sending request!"}}
[debug] [2021-01-19T20:15:59.512Z] [functions] Got req.url=/website-svalinn-back-end/us-central1/correoContacto, mapping to path=/ {"metadata":{"emulator":{"name":"functions"},"message":"[functions] Got req.url=/website-svalinn-back-end/us-central1/correoContacto, mapping to path=/"}}
[debug] [2021-01-19T20:15:59.516Z] [runtime-status] [16792] Ephemeral server handling POST request {"metadata":{"emulator":{"name":"functions"},"function":{"name":"correoContacto"},"message":"[runtime-status] [16792] Ephemeral server handling POST request"}}
[info] >  application/json {"user":"application/json","metadata":{"emulator":{"name":"functions"},"function":{"name":"correoContacto"},"message":"\u001b[90m> \u001b[39m application/json"}}
[info] >  POST {"user":"POST","metadata":{"emulator":{"name":"functions"},"function":{"name":"correoContacto"},"message":"\u001b[90m> \u001b[39m POST"}}
[debug] [2021-01-19T20:15:59.530Z] [runtime-status] [16792] Ephemeral server survived. {"metadata":{"emulator":{"name":"functions"},"function":{"name":"correoContacto"},"message":"[runtime-status] [16792] Ephemeral server survived."}}
[info] i  functions: Finished "correoContacto" in ~2s {"metadata":{"emulator":{"name":"functions"},"function":{"name":"correoContacto"},"message":"Finished \"correoContacto\" in ~2s"}}
[debug] [2021-01-19T20:16:01.894Z] [worker-correoContacto-f9bf38a6-332e-4a79-8088-6721b4510bc0]: IDLE {"metadata":{"emulator":{"name":"functions"},"message":"[worker-correoContacto-f9bf38a6-332e-4a79-8088-6721b4510bc0]: IDLE"}}
[debug] [2021-01-19T20:16:01.894Z] [work-queue] {"queueLength":0,"workRunningCount":0}
[debug] [2021-01-19T20:21:16.228Z] File C:\Dev\repos\personal\svalinn-dev-backend\functions\src\index.ts changed, reloading triggers {"metadata":{"emulator":{"name":"functions"},"message":"File C:\\Dev\\repos\\personal\\svalinn-dev-backend\\functions\\src\\index.ts changed, reloading triggers"}}
[debug] [2021-01-19T20:21:17.241Z] [worker-pool] Shutting down IDLE worker (~diagnostic~) {"metadata":{"emulator":{"name":"functions"},"message":"[worker-pool] Shutting down IDLE worker (~diagnostic~)"}}
[debug] [2021-01-19T20:21:17.241Z] [worker-~diagnostic~-d39f9b65-6db4-439b-975c-2e08c1edc3b7]: FINISHING {"metadata":{"emulator":{"name":"functions"},"message":"[worker-~diagnostic~-d39f9b65-6db4-439b-975c-2e08c1edc3b7]: FINISHING"}}
[debug] [2021-01-19T20:21:17.242Z] [worker-pool] Shutting down IDLE worker (correoContacto) {"metadata":{"emulator":{"name":"functions"},"message":"[worker-pool] Shutting down IDLE worker (correoContacto)"}}
[debug] [2021-01-19T20:21:17.242Z] [worker-correoContacto-f9bf38a6-332e-4a79-8088-6721b4510bc0]: FINISHING {"metadata":{"emulator":{"name":"functions"},"message":"[worker-correoContacto-f9bf38a6-332e-4a79-8088-6721b4510bc0]: FINISHING"}}
[debug] [2021-01-19T20:21:17.252Z] [worker-pool] addWorker(~diagnostic~) {"metadata":{"emulator":{"name":"functions"},"message":"[worker-pool] addWorker(~diagnostic~)"}}
[debug] [2021-01-19T20:21:17.252Z] [worker-pool] Adding worker with key ~diagnostic~, total=2 {"metadata":{"emulator":{"name":"functions"},"message":"[worker-pool] Adding worker with key ~diagnostic~, total=2"}}
[debug] [2021-01-19T20:21:17.252Z] [worker-pool] submitWork(triggerId=) {"metadata":{"emulator":{"name":"functions"},"message":"[worker-pool] submitWork(triggerId=)"}}
[debug] [2021-01-19T20:21:17.252Z] [worker-~diagnostic~-23f8a92e-0a08-47cc-85ab-b409b65bf874]: Assigning socketPath: \\?\pipe\C:\Dev\repos\personal\svalinn-dev-backend\functions\13988 {"metadata":{"emulator":{"name":"functions"},"message":"[worker-~diagnostic~-23f8a92e-0a08-47cc-85ab-b409b65bf874]: Assigning socketPath: \\\\?\\pipe\\C:\\Dev\\repos\\personal\\svalinn-dev-backend\\functions\\13988"}}
[debug] [2021-01-19T20:21:17.252Z] [worker-~diagnostic~-23f8a92e-0a08-47cc-85ab-b409b65bf874]: BUSY {"metadata":{"emulator":{"name":"functions"},"message":"[worker-~diagnostic~-23f8a92e-0a08-47cc-85ab-b409b65bf874]: BUSY"}}
[debug] [2021-01-19T20:21:17.254Z] [worker-~diagnostic~-d39f9b65-6db4-439b-975c-2e08c1edc3b7]: exited {"metadata":{"emulator":{"name":"functions"},"message":"[worker-~diagnostic~-d39f9b65-6db4-439b-975c-2e08c1edc3b7]: exited"}}
[debug] [2021-01-19T20:21:17.254Z] [worker-~diagnostic~-d39f9b65-6db4-439b-975c-2e08c1edc3b7]: FINISHED {"metadata":{"emulator":{"name":"functions"},"message":"[worker-~diagnostic~-d39f9b65-6db4-439b-975c-2e08c1edc3b7]: FINISHED"}}
[debug] [2021-01-19T20:21:17.255Z] [worker-correoContacto-f9bf38a6-332e-4a79-8088-6721b4510bc0]: exited {"metadata":{"emulator":{"name":"functions"},"message":"[worker-correoContacto-f9bf38a6-332e-4a79-8088-6721b4510bc0]: exited"}}
[debug] [2021-01-19T20:21:17.255Z] [worker-correoContacto-f9bf38a6-332e-4a79-8088-6721b4510bc0]: FINISHED {"metadata":{"emulator":{"name":"functions"},"message":"[worker-correoContacto-f9bf38a6-332e-4a79-8088-6721b4510bc0]: FINISHED"}}
[debug] [2021-01-19T20:21:17.477Z] [runtime-status] [13988] Functions runtime initialized. {"cwd":"C:\\Dev\\repos\\personal\\svalinn-dev-backend\\functions","node_version":"15.5.1"} {"metadata":{"emulator":{"name":"functions"},"message":"[runtime-status] [13988] Functions runtime initialized. {\"cwd\":\"C:\\\\Dev\\\\repos\\\\personal\\\\svalinn-dev-backend\\\\functions\",\"node_version\":\"15.5.1\"}"}}
[debug] [2021-01-19T20:21:17.478Z] [runtime-status] [13988] Disabled runtime features: undefined {"metadata":{"emulator":{"name":"functions"},"message":"[runtime-status] [13988] Disabled runtime features: undefined"}}
[debug] [2021-01-19T20:21:17.483Z] [runtime-status] [13988] Resolved module firebase-admin {"declared":true,"installed":true,"version":"9.4.2","resolution":"C:\\Dev\\repos\\personal\\svalinn-dev-backend\\functions\\node_modules\\firebase-admin\\lib\\index.js"} {"metadata":{"emulator":{"name":"functions"},"message":"[runtime-status] [13988] Resolved module firebase-admin {\"declared\":true,\"installed\":true,\"version\":\"9.4.2\",\"resolution\":\"C:\\\\Dev\\\\repos\\\\personal\\\\svalinn-dev-backend\\\\functions\\\\node_modules\\\\firebase-admin\\\\lib\\\\index.js\"}"}}
[debug] [2021-01-19T20:21:17.488Z] [runtime-status] [13988] Resolved module firebase-functions {"declared":true,"installed":true,"version":"3.13.1","resolution":"C:\\Dev\\repos\\personal\\svalinn-dev-backend\\functions\\node_modules\\firebase-functions\\lib\\index.js"} {"metadata":{"emulator":{"name":"functions"},"message":"[runtime-status] [13988] Resolved module firebase-functions {\"declared\":true,\"installed\":true,\"version\":\"3.13.1\",\"resolution\":\"C:\\\\Dev\\\\repos\\\\personal\\\\svalinn-dev-backend\\\\functions\\\\node_modules\\\\firebase-functions\\\\lib\\\\index.js\"}"}}
[debug] [2021-01-19T20:21:17.489Z] [runtime-status] [13988] Found local functions config: C:\Dev\repos\personal\svalinn-dev-backend\functions/.runtimeconfig.json {"metadata":{"emulator":{"name":"functions"},"message":"[runtime-status] [13988] Found local functions config: C:\\Dev\\repos\\personal\\svalinn-dev-backend\\functions/.runtimeconfig.json"}}
[debug] [2021-01-19T20:21:17.491Z] [runtime-status] [13988] Resolved module firebase-functions {"declared":true,"installed":true,"version":"3.13.1","resolution":"C:\\Dev\\repos\\personal\\svalinn-dev-backend\\functions\\node_modules\\firebase-functions\\lib\\index.js"} {"metadata":{"emulator":{"name":"functions"},"message":"[runtime-status] [13988] Resolved module firebase-functions {\"declared\":true,\"installed\":true,\"version\":\"3.13.1\",\"resolution\":\"C:\\\\Dev\\\\repos\\\\personal\\\\svalinn-dev-backend\\\\functions\\\\node_modules\\\\firebase-functions\\\\lib\\\\index.js\"}"}}
[debug] [2021-01-19T20:21:17.493Z] [runtime-status] [13988] Outgoing network have been stubbed. [{"name":"http","status":"mocked"},{"name":"http","status":"mocked"},{"name":"https","status":"mocked"},{"name":"https","status":"mocked"},{"name":"net","status":"mocked"}] {"metadata":{"emulator":{"name":"functions"},"message":"[runtime-status] [13988] Outgoing network have been stubbed. [{\"name\":\"http\",\"status\":\"mocked\"},{\"name\":\"http\",\"status\":\"mocked\"},{\"name\":\"https\",\"status\":\"mocked\"},{\"name\":\"https\",\"status\":\"mocked\"},{\"name\":\"net\",\"status\":\"mocked\"}]"}}
[debug] [2021-01-19T20:21:17.494Z] [runtime-status] [13988] Resolved module firebase-functions {"declared":true,"installed":true,"version":"3.13.1","resolution":"C:\\Dev\\repos\\personal\\svalinn-dev-backend\\functions\\node_modules\\firebase-functions\\lib\\index.js"} {"metadata":{"emulator":{"name":"functions"},"message":"[runtime-status] [13988] Resolved module firebase-functions {\"declared\":true,\"installed\":true,\"version\":\"3.13.1\",\"resolution\":\"C:\\\\Dev\\\\repos\\\\personal\\\\svalinn-dev-backend\\\\functions\\\\node_modules\\\\firebase-functions\\\\lib\\\\index.js\"}"}}
[debug] [2021-01-19T20:21:17.573Z] [runtime-status] [13988] Checked functions.config() {"config":{"remitente":{"correo":"svalinn.dev@gmail.com","contrasena":"mBO^fNM&ynR*TJ&0"},"destinatario":{"correo":"eenavarrogonzalez@gmail.com"}}} {"metadata":{"emulator":{"name":"functions"},"message":"[runtime-status] [13988] Checked functions.config() {\"config\":{\"remitente\":{\"correo\":\"svalinn.dev@gmail.com\",\"contrasena\":\"mBO^fNM&ynR*TJ&0\"},\"destinatario\":{\"correo\":\"eenavarrogonzalez@gmail.com\"}}}"}}
[debug] [2021-01-19T20:21:17.573Z] [runtime-status] [13988] firebase-functions has been stubbed. {"functionsResolution":{"declared":true,"installed":true,"version":"3.13.1","resolution":"C:\\Dev\\repos\\personal\\svalinn-dev-backend\\functions\\node_modules\\firebase-functions\\lib\\index.js"}} {"metadata":{"emulator":{"name":"functions"},"message":"[runtime-status] [13988] firebase-functions has been stubbed. {\"functionsResolution\":{\"declared\":true,\"installed\":true,\"version\":\"3.13.1\",\"resolution\":\"C:\\\\Dev\\\\repos\\\\personal\\\\svalinn-dev-backend\\\\functions\\\\node_modules\\\\firebase-functions\\\\lib\\\\index.js\"}}"}}
[debug] [2021-01-19T20:21:17.574Z] [runtime-status] [13988] Resolved module firebase-functions {"declared":true,"installed":true,"version":"3.13.1","resolution":"C:\\Dev\\repos\\personal\\svalinn-dev-backend\\functions\\node_modules\\firebase-functions\\lib\\index.js"} {"metadata":{"emulator":{"name":"functions"},"message":"[runtime-status] [13988] Resolved module firebase-functions {\"declared\":true,\"installed\":true,\"version\":\"3.13.1\",\"resolution\":\"C:\\\\Dev\\\\repos\\\\personal\\\\svalinn-dev-backend\\\\functions\\\\node_modules\\\\firebase-functions\\\\lib\\\\index.js\"}"}}
[debug] [2021-01-19T20:21:17.575Z] [runtime-status] [13988] Resolved module firebase-admin {"declared":true,"installed":true,"version":"9.4.2","resolution":"C:\\Dev\\repos\\personal\\svalinn-dev-backend\\functions\\node_modules\\firebase-admin\\lib\\index.js"} {"metadata":{"emulator":{"name":"functions"},"message":"[runtime-status] [13988] Resolved module firebase-admin {\"declared\":true,\"installed\":true,\"version\":\"9.4.2\",\"resolution\":\"C:\\\\Dev\\\\repos\\\\personal\\\\svalinn-dev-backend\\\\functions\\\\node_modules\\\\firebase-admin\\\\lib\\\\index.js\"}"}}
[debug] [2021-01-19T20:21:17.576Z] [runtime-status] [13988] Resolved module firebase-functions {"declared":true,"installed":true,"version":"3.13.1","resolution":"C:\\Dev\\repos\\personal\\svalinn-dev-backend\\functions\\node_modules\\firebase-functions\\lib\\index.js"} {"metadata":{"emulator":{"name":"functions"},"message":"[runtime-status] [13988] Resolved module firebase-functions {\"declared\":true,\"installed\":true,\"version\":\"3.13.1\",\"resolution\":\"C:\\\\Dev\\\\repos\\\\personal\\\\svalinn-dev-backend\\\\functions\\\\node_modules\\\\firebase-functions\\\\lib\\\\index.js\"}"}}
[debug] [2021-01-19T20:21:17.576Z] [runtime-status] [13988] firebase-admin has been stubbed. {"adminResolution":{"declared":true,"installed":true,"version":"9.4.2","resolution":"C:\\Dev\\repos\\personal\\svalinn-dev-backend\\functions\\node_modules\\firebase-admin\\lib\\index.js"}} {"metadata":{"emulator":{"name":"functions"},"message":"[runtime-status] [13988] firebase-admin has been stubbed. {\"adminResolution\":{\"declared\":true,\"installed\":true,\"version\":\"9.4.2\",\"resolution\":\"C:\\\\Dev\\\\repos\\\\personal\\\\svalinn-dev-backend\\\\functions\\\\node_modules\\\\firebase-admin\\\\lib\\\\index.js\"}}"}}
[debug] [2021-01-19T20:21:17.653Z] [worker-~diagnostic~-23f8a92e-0a08-47cc-85ab-b409b65bf874]: IDLE {"metadata":{"emulator":{"name":"functions"},"message":"[worker-~diagnostic~-23f8a92e-0a08-47cc-85ab-b409b65bf874]: IDLE"}}
